<?xml version="1.0" encoding="UTF-8"?>
<!-- Generated by org.testng.reporters.JUnitReportReporter -->
<testsuite skipped="0" hostname="AIZAZALI" name="SauceLab.sauceLabTest" tests="1" failures="0" timestamp="2022-09-28T15:12:13 PKT" time="13.377" errors="0">
  <testcase name="sauceLabTask" time="13.377" classname="SauceLab.sauceLabTest"/>
  <system-out/>
</testsuite> <!-- SauceLab.sauceLabTest -->
